# JRE version: Java(TM) SE Runtime Environment (8.0_112-b15) (build 1.8.0_112-b15)
# Java VM: Java HotSpot(TM) 64-Bit Server VM (25.112-b15 mixed mode linux-amd64 compressed oops)
Heap:
 PSYoungGen      total 104960K, used 67001K [0x000000076ab00000, 0x0000000772800000, 0x00000007c0000000)
  eden space 99328K, 62% used [0x000000076ab00000,0x000000076e72f6d8,0x0000000770c00000)
  from space 5632K, 95% used [0x0000000770f80000,0x00000007714beeb8,0x0000000771500000)
  to   space 14336K, 0% used [0x0000000771a00000,0x0000000771a00000,0x0000000772800000)
 ParOldGen       total 83968K, used 52183K [0x00000006c0000000, 0x00000006c5200000, 0x000000076ab00000)
  object space 83968K, 62% used [0x00000006c0000000,0x00000006c32f5ca0,0x00000006c5200000)
 Metaspace       used 83489K, capacity 90938K, committed 91264K, reserved 1128448K
  class space    used 10010K, capacity 12289K, committed 12416K, reserved 1048576K
GC Heap History (10 events):
Event: 676.831 GC heap before
{Heap before GC invocations=26 (full 3):
 PSYoungGen      total 132096K, used 121142K [0x000000076ab00000, 0x0000000773f00000, 0x00000007c0000000)
  eden space 117760K, 100% used [0x000000076ab00000,0x0000000771e00000,0x0000000771e00000)
  from space 14336K, 23% used [0x0000000773100000,0x000000077344db88,0x0000000773f00000)
  to   space 16896K, 0% used [0x0000000771e00000,0x0000000771e00000,0x0000000772e80000)
 ParOldGen       total 83968K, used 52151K [0x00000006c0000000, 0x00000006c5200000, 0x000000076ab00000)
  object space 83968K, 62% used [0x00000006c0000000,0x00000006c32edca0,0x00000006c5200000)
 Metaspace       used 80777K, capacity 88258K, committed 88448K, reserved 1126400K
  class space    used 9889K, capacity 12086K, committed 12160K, reserved 1048576K
Event: 676.843 GC heap after
Heap after GC invocations=26 (full 3):
 PSYoungGen      total 117760K, used 3720K [0x000000076ab00000, 0x0000000773a00000, 0x00000007c0000000)
  eden space 113664K, 0% used [0x000000076ab00000,0x000000076ab00000,0x0000000771a00000)
  from space 4096K, 90% used [0x0000000771e00000,0x00000007721a2088,0x0000000772200000)
  to   space 16384K, 0% used [0x0000000772a00000,0x0000000772a00000,0x0000000773a00000)
 ParOldGen       total 83968K, used 52151K [0x00000006c0000000, 0x00000006c5200000, 0x000000076ab00000)
  object space 83968K, 62% used [0x00000006c0000000,0x00000006c32edca0,0x00000006c5200000)
 Metaspace       used 80777K, capacity 88258K, committed 88448K, reserved 1126400K
  class space    used 9889K, capacity 12086K, committed 12160K, reserved 1048576K
}
Event: 729.392 GC heap before
{Heap before GC invocations=27 (full 3):
 PSYoungGen      total 117760K, used 117384K [0x000000076ab00000, 0x0000000773a00000, 0x00000007c0000000)
  eden space 113664K, 100% used [0x000000076ab00000,0x0000000771a00000,0x0000000771a00000)
  from space 4096K, 90% used [0x0000000771e00000,0x00000007721a2088,0x0000000772200000)
  to   space 16384K, 0% used [0x0000000772a00000,0x0000000772a00000,0x0000000773a00000)
 ParOldGen       total 83968K, used 52151K [0x00000006c0000000, 0x00000006c5200000, 0x000000076ab00000)
  object space 83968K, 62% used [0x00000006c0000000,0x00000006c32edca0,0x00000006c5200000)
 Metaspace       used 81453K, capacity 88938K, committed 89216K, reserved 1126400K
  class space    used 9927K, capacity 12121K, committed 12160K, reserved 1048576K
Event: 729.410 GC heap after
Heap after GC invocations=27 (full 3):
 PSYoungGen      total 122880K, used 3390K [0x000000076ab00000, 0x0000000773680000, 0x00000007c0000000)
  eden space 110080K, 0% used [0x000000076ab00000,0x000000076ab00000,0x0000000771680000)
  from space 12800K, 26% used [0x0000000772a00000,0x0000000772d4f890,0x0000000773680000)
  to   space 16384K, 0% used [0x0000000771680000,0x0000000771680000,0x0000000772680000)
 ParOldGen       total 83968K, used 52159K [0x00000006c0000000, 0x00000006c5200000, 0x000000076ab00000)
  object space 83968K, 62% used [0x00000006c0000000,0x00000006c32efca0,0x00000006c5200000)
 Metaspace       used 81453K, capacity 88938K, committed 89216K, reserved 1126400K
  class space    used 9927K, capacity 12121K, committed 12160K, reserved 1048576K
}
Event: 813.525 GC heap before
{Heap before GC invocations=28 (full 3):
 PSYoungGen      total 122880K, used 113470K [0x000000076ab00000, 0x0000000773680000, 0x00000007c0000000)
  eden space 110080K, 100% used [0x000000076ab00000,0x0000000771680000,0x0000000771680000)
  from space 12800K, 26% used [0x0000000772a00000,0x0000000772d4f890,0x0000000773680000)
  to   space 16384K, 0% used [0x0000000771680000,0x0000000771680000,0x0000000772680000)
 ParOldGen       total 83968K, used 52159K [0x00000006c0000000, 0x00000006c5200000, 0x000000076ab00000)
  object space 83968K, 62% used [0x00000006c0000000,0x00000006c32efca0,0x00000006c5200000)
 Metaspace       used 82082K, capacity 89526K, committed 89856K, reserved 1126400K
  class space    used 9943K, capacity 12187K, committed 12288K, reserved 1048576K
Event: 813.552 GC heap after
Heap after GC invocations=28 (full 3):
 PSYoungGen      total 111104K, used 4283K [0x000000076ab00000, 0x0000000773200000, 0x00000007c0000000)
  eden space 106496K, 0% used [0x000000076ab00000,0x000000076ab00000,0x0000000771300000)
  from space 4608K, 92% used [0x0000000771680000,0x0000000771aaeeb8,0x0000000771b00000)
  to   space 15872K, 0% used [0x0000000772280000,0x0000000772280000,0x0000000773200000)
 ParOldGen       total 83968K, used 52167K [0x00000006c0000000, 0x00000006c5200000, 0x000000076ab00000)
  object space 83968K, 62% used [0x00000006c0000000,0x00000006c32f1ca0,0x00000006c5200000)
 Metaspace       used 82082K, capacity 89526K, committed 89856K, reserved 1126400K
  class space    used 9943K, capacity 12187K, committed 12288K, reserved 1048576K
}
Event: 920.321 GC heap before
{Heap before GC invocations=29 (full 3):
 PSYoungGen      total 111104K, used 110779K [0x000000076ab00000, 0x0000000773200000, 0x00000007c0000000)
  eden space 106496K, 100% used [0x000000076ab00000,0x0000000771300000,0x0000000771300000)
  from space 4608K, 92% used [0x0000000771680000,0x0000000771aaeeb8,0x0000000771b00000)
  to   space 15872K, 0% used [0x0000000772280000,0x0000000772280000,0x0000000773200000)
 ParOldGen       total 83968K, used 52167K [0x00000006c0000000, 0x00000006c5200000, 0x000000076ab00000)
  object space 83968K, 62% used [0x00000006c0000000,0x00000006c32f1ca0,0x00000006c5200000)
 Metaspace       used 82585K, capacity 90036K, committed 90112K, reserved 1126400K
  class space    used 9959K, capacity 12224K, committed 12288K, reserved 1048576K
Event: 920.330 GC heap after
Heap after GC invocations=29 (full 3):
 PSYoungGen      total 113152K, used 5627K [0x000000076ab00000, 0x0000000772c80000, 0x00000007c0000000)
  eden space 102912K, 0% used [0x000000076ab00000,0x000000076ab00000,0x0000000770f80000)
  from space 10240K, 54% used [0x0000000772280000,0x00000007727feed8,0x0000000772c80000)
  to   space 14848K, 0% used [0x0000000770f80000,0x0000000770f80000,0x0000000771e00000)
 ParOldGen       total 83968K, used 52175K [0x00000006c0000000, 0x00000006c5200000, 0x000000076ab00000)
  object space 83968K, 62% used [0x00000006c0000000,0x00000006c32f3ca0,0x00000006c5200000)
 Metaspace       used 82585K, capacity 90036K, committed 90112K, reserved 1126400K
  class space    used 9959K, capacity 12224K, committed 12288K, reserved 1048576K
}
Event: 1133.376 GC heap before
{Heap before GC invocations=30 (full 3):
 PSYoungGen      total 113152K, used 108539K [0x000000076ab00000, 0x0000000772c80000, 0x00000007c0000000)
  eden space 102912K, 100% used [0x000000076ab00000,0x0000000770f80000,0x0000000770f80000)
  from space 10240K, 54% used [0x0000000772280000,0x00000007727feed8,0x0000000772c80000)
  to   space 14848K, 0% used [0x0000000770f80000,0x0000000770f80000,0x0000000771e00000)
 ParOldGen       total 83968K, used 52175K [0x00000006c0000000, 0x00000006c5200000, 0x000000076ab00000)
  object space 83968K, 62% used [0x00000006c0000000,0x00000006c32f3ca0,0x00000006c5200000)
 Metaspace       used 83063K, capacity 90586K, committed 90880K, reserved 1128448K
  class space    used 9976K, capacity 12257K, committed 12288K, reserved 1048576K
Event: 1133.405 GC heap after
Heap after GC invocations=30 (full 3):
 PSYoungGen      total 104960K, used 5371K [0x000000076ab00000, 0x0000000772800000, 0x00000007c0000000)
  eden space 99328K, 0% used [0x000000076ab00000,0x000000076ab00000,0x0000000770c00000)
  from space 5632K, 95% used [0x0000000770f80000,0x00000007714beeb8,0x0000000771500000)
  to   space 14336K, 0% used [0x0000000771a00000,0x0000000771a00000,0x0000000772800000)
 ParOldGen       total 83968K, used 52183K [0x00000006c0000000, 0x00000006c5200000, 0x000000076ab00000)
  object space 83968K, 62% used [0x00000006c0000000,0x00000006c32f5ca0,0x00000006c5200000)
 Metaspace       used 83063K, capacity 90586K, committed 90880K, reserved 1128448K
  class space    used 9976K, capacity 12257K, committed 12288K, reserved 1048576K
}

