# JRE version: Java(TM) SE Runtime Environment (8.0_112-b15) (build 1.8.0_112-b15)
# Java VM: Java HotSpot(TM) 64-Bit Server VM (25.112-b15 mixed mode linux-amd64 compressed oops)
Heap:
 PSYoungGen      total 99840K, used 78582K [0x000000076ab00000, 0x0000000771d80000, 0x00000007c0000000)
  eden space 87552K, 80% used [0x000000076ab00000,0x000000076ef90920,0x0000000770080000)
  from space 12288K, 68% used [0x0000000771180000,0x00000007719acf10,0x0000000771d80000)
  to   space 14848K, 0% used [0x0000000770080000,0x0000000770080000,0x0000000770f00000)
 ParOldGen       total 180224K, used 111146K [0x00000006c0000000, 0x00000006cb000000, 0x000000076ab00000)
  object space 180224K, 61% used [0x00000006c0000000,0x00000006c6c8aa70,0x00000006cb000000)
 Metaspace       used 90664K, capacity 98362K, committed 98560K, reserved 1134592K
  class space    used 10514K, capacity 12798K, committed 12800K, reserved 1048576K
GC Heap History (10 events):
Event: 4493.028 GC heap before
{Heap before GC invocations=72 (full 4):
 PSYoungGen      total 111104K, used 110979K [0x000000076ab00000, 0x0000000772b80000, 0x00000007c0000000)
  eden space 100864K, 100% used [0x000000076ab00000,0x0000000770d80000,0x0000000770d80000)
  from space 10240K, 98% used [0x0000000771080000,0x0000000771a60f78,0x0000000771a80000)
  to   space 15360K, 0% used [0x0000000771c80000,0x0000000771c80000,0x0000000772b80000)
 ParOldGen       total 180224K, used 108431K [0x00000006c0000000, 0x00000006cb000000, 0x000000076ab00000)
  object space 180224K, 60% used [0x00000006c0000000,0x00000006c69e3fa8,0x00000006cb000000)
 Metaspace       used 90344K, capacity 98074K, committed 98304K, reserved 1134592K
  class space    used 10497K, capacity 12766K, committed 12800K, reserved 1048576K
Event: 4493.111 GC heap after
Heap after GC invocations=72 (full 4):
 PSYoungGen      total 110080K, used 9379K [0x000000076ab00000, 0x0000000772880000, 0x00000007c0000000)
  eden space 97792K, 0% used [0x000000076ab00000,0x000000076ab00000,0x0000000770a80000)
  from space 12288K, 76% used [0x0000000771c80000,0x00000007725a8f78,0x0000000772880000)
  to   space 15360K, 0% used [0x0000000770a80000,0x0000000770a80000,0x0000000771980000)
 ParOldGen       total 180224K, used 109239K [0x00000006c0000000, 0x00000006cb000000, 0x000000076ab00000)
  object space 180224K, 60% used [0x00000006c0000000,0x00000006c6aadfa8,0x00000006cb000000)
 Metaspace       used 90344K, capacity 98074K, committed 98304K, reserved 1134592K
  class space    used 10497K, capacity 12766K, committed 12800K, reserved 1048576K
}
Event: 4591.517 GC heap before
{Heap before GC invocations=73 (full 4):
 PSYoungGen      total 110080K, used 107171K [0x000000076ab00000, 0x0000000772880000, 0x00000007c0000000)
  eden space 97792K, 100% used [0x000000076ab00000,0x0000000770a80000,0x0000000770a80000)
  from space 12288K, 76% used [0x0000000771c80000,0x00000007725a8f78,0x0000000772880000)
  to   space 15360K, 0% used [0x0000000770a80000,0x0000000770a80000,0x0000000771980000)
 ParOldGen       total 180224K, used 109239K [0x00000006c0000000, 0x00000006cb000000, 0x000000076ab00000)
  object space 180224K, 60% used [0x00000006c0000000,0x00000006c6aadfa8,0x00000006cb000000)
 Metaspace       used 90396K, capacity 98138K, committed 98304K, reserved 1134592K
  class space    used 10497K, capacity 12766K, committed 12800K, reserved 1048576K
Event: 4591.544 GC heap after
Heap after GC invocations=73 (full 4):
 PSYoungGen      total 104960K, used 9507K [0x000000076ab00000, 0x0000000772500000, 0x00000007c0000000)
  eden space 95232K, 0% used [0x000000076ab00000,0x000000076ab00000,0x0000000770800000)
  from space 9728K, 97% used [0x0000000770a80000,0x00000007713c8f78,0x0000000771400000)
  to   space 14848K, 0% used [0x0000000771680000,0x0000000771680000,0x0000000772500000)
 ParOldGen       total 180224K, used 109271K [0x00000006c0000000, 0x00000006cb000000, 0x000000076ab00000)
  object space 180224K, 60% used [0x00000006c0000000,0x00000006c6ab5fa8,0x00000006cb000000)
 Metaspace       used 90396K, capacity 98138K, committed 98304K, reserved 1134592K
  class space    used 10497K, capacity 12766K, committed 12800K, reserved 1048576K
}
Event: 4630.536 GC heap before
{Heap before GC invocations=74 (full 4):
 PSYoungGen      total 104960K, used 104739K [0x000000076ab00000, 0x0000000772500000, 0x00000007c0000000)
  eden space 95232K, 100% used [0x000000076ab00000,0x0000000770800000,0x0000000770800000)
  from space 9728K, 97% used [0x0000000770a80000,0x00000007713c8f78,0x0000000771400000)
  to   space 14848K, 0% used [0x0000000771680000,0x0000000771680000,0x0000000772500000)
 ParOldGen       total 180224K, used 109271K [0x00000006c0000000, 0x00000006cb000000, 0x000000076ab00000)
  object space 180224K, 60% used [0x00000006c0000000,0x00000006c6ab5fa8,0x00000006cb000000)
 Metaspace       used 90406K, capacity 98138K, committed 98304K, reserved 1134592K
  class space    used 10497K, capacity 12766K, committed 12800K, reserved 1048576K
Event: 4630.550 GC heap after
Heap after GC invocations=74 (full 4):
 PSYoungGen      total 104960K, used 8183K [0x000000076ab00000, 0x0000000772280000, 0x00000007c0000000)
  eden space 92672K, 0% used [0x000000076ab00000,0x000000076ab00000,0x0000000770580000)
  from space 12288K, 66% used [0x0000000771680000,0x0000000771e7de68,0x0000000772280000)
  to   space 14848K, 0% used [0x0000000770580000,0x0000000770580000,0x0000000771400000)
 ParOldGen       total 180224K, used 109570K [0x00000006c0000000, 0x00000006cb000000, 0x000000076ab00000)
  object space 180224K, 60% used [0x00000006c0000000,0x00000006c6b00a08,0x00000006cb000000)
 Metaspace       used 90406K, capacity 98138K, committed 98304K, reserved 1134592K
  class space    used 10497K, capacity 12766K, committed 12800K, reserved 1048576K
}
Event: 4665.431 GC heap before
{Heap before GC invocations=75 (full 4):
 PSYoungGen      total 104960K, used 100855K [0x000000076ab00000, 0x0000000772280000, 0x00000007c0000000)
  eden space 92672K, 100% used [0x000000076ab00000,0x0000000770580000,0x0000000770580000)
  from space 12288K, 66% used [0x0000000771680000,0x0000000771e7de68,0x0000000772280000)
  to   space 14848K, 0% used [0x0000000770580000,0x0000000770580000,0x0000000771400000)
 ParOldGen       total 180224K, used 109570K [0x00000006c0000000, 0x00000006cb000000, 0x000000076ab00000)
  object space 180224K, 60% used [0x00000006c0000000,0x00000006c6b00a08,0x00000006cb000000)
 Metaspace       used 90435K, capacity 98138K, committed 98304K, reserved 1134592K
  class space    used 10497K, capacity 12766K, committed 12800K, reserved 1048576K
Event: 4665.458 GC heap after
Heap after GC invocations=75 (full 4):
 PSYoungGen      total 98816K, used 8307K [0x000000076ab00000, 0x0000000772000000, 0x00000007c0000000)
  eden space 90112K, 0% used [0x000000076ab00000,0x000000076ab00000,0x0000000770300000)
  from space 8704K, 95% used [0x0000000770580000,0x0000000770d9cf00,0x0000000770e00000)
  to   space 14848K, 0% used [0x0000000771180000,0x0000000771180000,0x0000000772000000)
 ParOldGen       total 180224K, used 109778K [0x00000006c0000000, 0x00000006cb000000, 0x000000076ab00000)
  object space 180224K, 60% used [0x00000006c0000000,0x00000006c6b34a60,0x00000006cb000000)
 Metaspace       used 90435K, capacity 98138K, committed 98304K, reserved 1134592K
  class space    used 10497K, capacity 12766K, committed 12800K, reserved 1048576K
}
Event: 5119.677 GC heap before
{Heap before GC invocations=76 (full 4):
 PSYoungGen      total 98816K, used 98419K [0x000000076ab00000, 0x0000000772000000, 0x00000007c0000000)
  eden space 90112K, 100% used [0x000000076ab00000,0x0000000770300000,0x0000000770300000)
  from space 8704K, 95% used [0x0000000770580000,0x0000000770d9cf00,0x0000000770e00000)
  to   space 14848K, 0% used [0x0000000771180000,0x0000000771180000,0x0000000772000000)
 ParOldGen       total 180224K, used 109778K [0x00000006c0000000, 0x00000006cb000000, 0x000000076ab00000)
  object space 180224K, 60% used [0x00000006c0000000,0x00000006c6b34a60,0x00000006cb000000)
 Metaspace       used 90478K, capacity 98266K, committed 98560K, reserved 1134592K
  class space    used 10497K, capacity 12766K, committed 12800K, reserved 1048576K
Event: 5119.692 GC heap after
Heap after GC invocations=76 (full 4):
 PSYoungGen      total 99840K, used 8371K [0x000000076ab00000, 0x0000000771d80000, 0x00000007c0000000)
  eden space 87552K, 0% used [0x000000076ab00000,0x000000076ab00000,0x0000000770080000)
  from space 12288K, 68% used [0x0000000771180000,0x00000007719acf10,0x0000000771d80000)
  to   space 14848K, 0% used [0x0000000770080000,0x0000000770080000,0x0000000770f00000)
 ParOldGen       total 180224K, used 111146K [0x00000006c0000000, 0x00000006cb000000, 0x000000076ab00000)
  object space 180224K, 61% used [0x00000006c0000000,0x00000006c6c8aa70,0x00000006cb000000)
 Metaspace       used 90478K, capacity 98266K, committed 98560K, reserved 1134592K
  class space    used 10497K, capacity 12766K, committed 12800K, reserved 1048576K
}

